/*C132*/SET SCHEMA PUBLIC
DELETE FROM TODOS WHERE ID=1
INSERT INTO TODOS VALUES(1,FALSE,'1234','2021-11-04 00:00:00.000000','2021-11-29 22:32:35.227000','admin')
COMMIT
INSERT INTO TODOS VALUES(2,FALSE,'test123456789','2021-11-30 00:00:00.000000','2021-11-29 22:32:50.414000','admin')
ALTER SEQUENCE PUBLIC.HIBERNATE_SEQUENCE RESTART WITH 3
COMMIT
DISCONNECT
/*C133*/SET SCHEMA PUBLIC
DISCONNECT
/*C134*/SET SCHEMA PUBLIC
DISCONNECT
/*C135*/SET SCHEMA PUBLIC
DISCONNECT
/*C136*/SET SCHEMA PUBLIC
DISCONNECT
/*C137*/SET SCHEMA PUBLIC
DISCONNECT
/*C138*/SET SCHEMA PUBLIC
DISCONNECT
/*C139*/SET SCHEMA PUBLIC
DISCONNECT
/*C140*/SET SCHEMA PUBLIC
DISCONNECT
/*C141*/SET SCHEMA PUBLIC
DISCONNECT
